<?xml version="1.0" encoding="UTF-8"?>
<!-- Generated by org.testng.reporters.JUnitXMLReporter -->
<testsuite hostname="THECHA" ignored="1" name="Default test(failed)" tests="1" failures="1" timestamp="16 Nov 2017 10:59:10 GMT" time="6.758" errors="0">
  <testcase name="@AfterMethod CloseMethod" time="0.001" classname="Com.QA.TestCases.LoginTestCase">
    <failure type="java.lang.Error" message="Unresolved compilation problem: 
	Syntax error on token &amp;quot;}&amp;quot;, delete this token
">
      <![CDATA[java.lang.Error: Unresolved compilation problem: 
	Syntax error on token "}", delete this token

	at Com.QA.TestCases.LoginTestCase.CloseMethod(LoginTestCase.java:45)
... Removed 27 stack frames]]>
    </failure>
  </testcase> <!-- @AfterMethod CloseMethod -->
  <testcase name="LoginTest" time="0.005" classname="Com.QA.TestCases.LoginTestCase">
    <failure type="java.lang.Error" message="Unresolved compilation problem: 
	Syntax error on token &amp;quot;}&amp;quot;, delete this token
">
      <![CDATA[java.lang.Error: Unresolved compilation problem: 
	Syntax error on token "}", delete this token

	at Com.QA.TestCases.LoginTestCase.LoginTest(LoginTestCase.java:39)
... Removed 25 stack frames]]>
    </failure>
  </testcase> <!-- LoginTest -->
  <testcase name="VerifyPageTitleTest" time="0.0" classname="Com.QA.TestCases.LoginTestCase">
    <ignored/>
  </testcase> <!-- VerifyPageTitleTest -->
</testsuite> <!-- Default test(failed) -->
